<?xml version="1.0" encoding="UTF-8"?>
<!-- Generated by org.testng.reporters.JUnitXMLReporter -->
<testsuite ignored="0" hostname="PE-HO-031" failures="1" tests="4" name="Test" time="478.408" errors="0" timestamp="2022-03-02T11:48:53 COT">
  <testcase classname="com.testNG.RunTestNG" name="pruebaDemoQATestNG" time="136.716"/>
  <testcase classname="com.testNG.RunTestNG" name="pruebaMercadoLibreTestNG" time="121.945"/>
  <testcase classname="com.testNG.RunTestNG" name="pruebaMercuryToursTestNG" time="34.537">
    <failure type="java.lang.AssertionError">
      <![CDATA[java.lang.AssertionError
at com.testNG.RunTestNG.pruebaMercuryToursTestNG(RunTestNG.java:120)
at java.base/java.util.ArrayList.forEach(ArrayList.java:1511)
... Removed 27 stack frames]]>
    </failure>
  </testcase> <!-- pruebaMercuryToursTestNG -->
  <testcase classname="com.testNG.RunTestNG" name="pruebaPeriferiaTestNG" time="160.979"/>
</testsuite> <!-- Test -->
